<?xml version="1.0" encoding="UTF-8"?>
<!-- Generated by org.testng.reporters.JUnitXMLReporter -->
<testsuite ignored="0" hostname="Unosys-Laptop" failures="1" tests="2" name="General Store" time="34.273" errors="0" timestamp="2025-04-01T17:10:36 IST">
  <testcase classname="testcases.Ecommerce_tc_01" name="Login_Test_nigative" time="12.263"/>
  <testcase classname="testcases.Ecommerce_tc_01" name="Login_Test" time="13.166">
    <failure type="org.openqa.selenium.NoSuchElementException" message="An element could not be located on the page using the given search parameters.
For documentation on this error, please visit: https://www.selenium.dev/documentation/webdriver/troubleshooting/errors#no-such-element-exception
Build info: version: &amp;apos;4.30.0&amp;apos;, revision: &amp;apos;509c7f17cc*&amp;apos;
System info: os.name: &amp;apos;Windows 10&amp;apos;, os.arch: &amp;apos;amd64&amp;apos;, os.version: &amp;apos;10.0&amp;apos;, java.version: &amp;apos;21.0.5&amp;apos;
Driver info: io.appium.java_client.android.AndroidDriver
Command: [8b78b98e-2f36-463e-ae93-b5e057ccacff, findElement {value=new UiScrollable(new UiSelector().resourceId(&amp;quot;com.androidsample.generalstore:id/rvProductList&amp;quot;)).scrollIntoView(new UiSelector().textMatches(&amp;quot;Jordan 6 Rings&amp;quot;).instance(0)), using=-android uiautomator}]
Capabilities {appium:app: C:\Users\DELL\eclipse-works..., appium:appPackage: com.androidsample.generalstore, appium:automationName: UiAutomator2, appium:chromedriverExecutable: C:\Users\DELL\AppData\Local..., appium:databaseEnabled: false, appium:desired: {app: C:\Users\DELL\eclipse-works..., automationName: UiAutomator2, chromedriverExecutable: C:\Users\DELL\AppData\Local..., deviceName: Medium Phone Appium_Demo, platformName: ANDROID, platformVersion: 15.0}, appium:deviceApiLevel: 35, appium:deviceManufacturer: Google, appium:deviceModel: sdk_gphone64_x86_64, appium:deviceName: emulator-5554, appium:deviceScreenDensity: 420, appium:deviceScreenSize: 1080x2400, appium:deviceUDID: emulator-5554, appium:javascriptEnabled: true, appium:locationContextEnabled: false, appium:networkConnectionEnabled: true, appium:pixelRatio: 2.625, appium:platformVersion: 15, appium:statBarHeight: 63, appium:takesScreenshot: true, appium:viewportRect: {height: 2337, left: 0, top: 63, width: 1080}, appium:warnings: {}, appium:webStorageEnabled: false, platformName: ANDROID}
Session ID: 8b78b98e-2f36-463e-ae93-b5e057ccacff">
      <![CDATA[org.openqa.selenium.NoSuchElementException: An element could not be located on the page using the given search parameters.
For documentation on this error, please visit: https://www.selenium.dev/documentation/webdriver/troubleshooting/errors#no-such-element-exception
Build info: version: '4.30.0', revision: '509c7f17cc*'
System info: os.name: 'Windows 10', os.arch: 'amd64', os.version: '10.0', java.version: '21.0.5'
Driver info: io.appium.java_client.android.AndroidDriver
Command: [8b78b98e-2f36-463e-ae93-b5e057ccacff, findElement {value=new UiScrollable(new UiSelector().resourceId("com.androidsample.generalstore:id/rvProductList")).scrollIntoView(new UiSelector().textMatches("Jordan 6 Rings").instance(0)), using=-android uiautomator}]
Capabilities {appium:app: C:\Users\DELL\eclipse-works..., appium:appPackage: com.androidsample.generalstore, appium:automationName: UiAutomator2, appium:chromedriverExecutable: C:\Users\DELL\AppData\Local..., appium:databaseEnabled: false, appium:desired: {app: C:\Users\DELL\eclipse-works..., automationName: UiAutomator2, chromedriverExecutable: C:\Users\DELL\AppData\Local..., deviceName: Medium Phone Appium_Demo, platformName: ANDROID, platformVersion: 15.0}, appium:deviceApiLevel: 35, appium:deviceManufacturer: Google, appium:deviceModel: sdk_gphone64_x86_64, appium:deviceName: emulator-5554, appium:deviceScreenDensity: 420, appium:deviceScreenSize: 1080x2400, appium:deviceUDID: emulator-5554, appium:javascriptEnabled: true, appium:locationContextEnabled: false, appium:networkConnectionEnabled: true, appium:pixelRatio: 2.625, appium:platformVersion: 15, appium:statBarHeight: 63, appium:takesScreenshot: true, appium:viewportRect: {height: 2337, left: 0, top: 63, width: 1080}, appium:warnings: {}, appium:webStorageEnabled: false, platformName: ANDROID}
Session ID: 8b78b98e-2f36-463e-ae93-b5e057ccacff
at org.openqa.selenium.remote.ErrorCodec.decode(ErrorCodec.java:167)
at org.openqa.selenium.remote.codec.w3c.W3CHttpResponseCodec.decode(W3CHttpResponseCodec.java:138)
at org.openqa.selenium.remote.codec.w3c.W3CHttpResponseCodec.decode(W3CHttpResponseCodec.java:50)
at org.openqa.selenium.remote.HttpCommandExecutor.execute(HttpCommandExecutor.java:190)
at io.appium.java_client.remote.AppiumCommandExecutor.execute(AppiumCommandExecutor.java:237)
at org.openqa.selenium.remote.RemoteWebDriver.execute(RemoteWebDriver.java:527)
at org.openqa.selenium.remote.ElementLocation$ElementFinder$2.findElement(ElementLocation.java:165)
at org.openqa.selenium.remote.ElementLocation.findElement(ElementLocation.java:59)
at org.openqa.selenium.remote.RemoteWebDriver.findElement(RemoteWebDriver.java:357)
at org.openqa.selenium.remote.RemoteWebDriver.findElement(RemoteWebDriver.java:351)
at utilities.Actions.scroll_upto_element_whiletext_visible(Actions.java:91)
at pages.Product_page.scroll_upto_Product(Product_page.java:48)
at testcases.Ecommerce_tc_01.Login_Test(Ecommerce_tc_01.java:68)
at java.base/java.util.ArrayList.forEach(ArrayList.java:1596)
... Removed 28 stack frames]]>
    </failure>
  </testcase> <!-- Login_Test -->
</testsuite> <!-- General Store -->
