<?xml version="1.0" encoding="UTF-8"?>
<!-- Generated by org.testng.reporters.JUnitXMLReporter -->
<testsuite ignored="0" hostname="Unosys-Laptop" failures="3" tests="3" name="Test" time="0.124" errors="0" timestamp="2025-03-06T15:13:02 IST">
  <testcase classname="testcases.BaseTest" name="@AfterClass teardown" time="0.006">
    <failure type="java.lang.NullPointerException" message="Cannot invoke &amp;quot;io.appium.java_client.android.AndroidDriver.quit()&amp;quot; because &amp;quot;testcases.BaseTest.driver&amp;quot; is null">
      <![CDATA[java.lang.NullPointerException: Cannot invoke "io.appium.java_client.android.AndroidDriver.quit()" because "testcases.BaseTest.driver" is null
at testcases.BaseTest.teardown(BaseTest.java:67)
at java.base/java.util.ArrayList.forEach(ArrayList.java:1596)
... Removed 24 stack frames]]>
    </failure>
  </testcase> <!-- @AfterClass teardown -->
  <testcase classname="testcases.BaseTest" name="@AfterClass teardown" time="0.0">
    <failure type="java.lang.NullPointerException" message="Cannot invoke &amp;quot;io.appium.java_client.android.AndroidDriver.quit()&amp;quot; because &amp;quot;testcases.BaseTest.driver&amp;quot; is null">
      <![CDATA[java.lang.NullPointerException: Cannot invoke "io.appium.java_client.android.AndroidDriver.quit()" because "testcases.BaseTest.driver" is null
at testcases.BaseTest.teardown(BaseTest.java:67)
at java.base/java.util.ArrayList.forEach(ArrayList.java:1596)
... Removed 24 stack frames]]>
    </failure>
  </testcase> <!-- @AfterClass teardown -->
  <testcase classname="testcases.Ecommerce_tc_01" name="Login_Test_nigative" time="0.059">
    <failure type="java.lang.NullPointerException" message="Cannot invoke &amp;quot;io.appium.java_client.android.AndroidDriver.manage()&amp;quot; because &amp;quot;testcases.Ecommerce_tc_01.driver&amp;quot; is null">
      <![CDATA[java.lang.NullPointerException: Cannot invoke "io.appium.java_client.android.AndroidDriver.manage()" because "testcases.Ecommerce_tc_01.driver" is null
at testcases.Ecommerce_tc_01.Login_Test_nigative(Ecommerce_tc_01.java:28)
at java.base/java.util.ArrayList.forEach(ArrayList.java:1596)
... Removed 25 stack frames]]>
    </failure>
  </testcase> <!-- Login_Test_nigative -->
  <testcase classname="testcases.Ecommerce_tc_01" name="Login_Test_positive" time="0.005">
    <failure type="java.lang.NullPointerException" message="Cannot invoke &amp;quot;io.appium.java_client.android.AndroidDriver.manage()&amp;quot; because &amp;quot;testcases.Ecommerce_tc_01.driver&amp;quot; is null">
      <![CDATA[java.lang.NullPointerException: Cannot invoke "io.appium.java_client.android.AndroidDriver.manage()" because "testcases.Ecommerce_tc_01.driver" is null
at testcases.Ecommerce_tc_01.Login_Test_positive(Ecommerce_tc_01.java:43)
at java.base/java.util.ArrayList.forEach(ArrayList.java:1596)
... Removed 25 stack frames]]>
    </failure>
  </testcase> <!-- Login_Test_positive -->
  <testcase classname="testcases.Ecommerce_tc_02" name="Add_TO_Card_Test" time="0.001">
    <failure type="java.lang.NullPointerException" message="Cannot invoke &amp;quot;io.appium.java_client.android.AndroidDriver.manage()&amp;quot; because &amp;quot;testcases.Ecommerce_tc_02.driver&amp;quot; is null">
      <![CDATA[java.lang.NullPointerException: Cannot invoke "io.appium.java_client.android.AndroidDriver.manage()" because "testcases.Ecommerce_tc_02.driver" is null
at testcases.Ecommerce_tc_02.Add_TO_Card_Test(Ecommerce_tc_02.java:21)
at java.base/java.util.ArrayList.forEach(ArrayList.java:1596)
... Removed 25 stack frames]]>
    </failure>
  </testcase> <!-- Add_TO_Card_Test -->
</testsuite> <!-- Test -->
