<?xml version="1.0" encoding="UTF-8"?>
<!-- Generated by org.testng.reporters.JUnitXMLReporter -->
<testsuite ignored="0" hostname="Unosys-Laptop" failures="1" tests="2" name="Default test" time="53.249" errors="0" timestamp="2025-03-10T16:00:50 IST">
  <testcase classname="testcases.Ecommerce_tc_01" name="Login_Test_nigative" time="21.303">
    <failure type="org.openqa.selenium.StaleElementReferenceException" message="The element &amp;apos;By.id: com.androidsample.generalstore:id/radioFemale&amp;apos; does not exist in DOM anymore
For documentation on this error, please visit: https://www.selenium.dev/documentation/webdriver/troubleshooting/errors#stale-element-reference-exception
Build info: version: &amp;apos;4.29.0&amp;apos;, revision: &amp;apos;5fc1ec94cb&amp;apos;
System info: os.name: &amp;apos;Windows 10&amp;apos;, os.arch: &amp;apos;amd64&amp;apos;, os.version: &amp;apos;10.0&amp;apos;, java.version: &amp;apos;21.0.5&amp;apos;
Driver info: io.appium.java_client.android.AndroidDriver
Command: [e73deaa1-80e2-4753-a7e3-33d418779c41, clickElement {id=00000000-0000-01e4-ffff-ffff00000020}]
Capabilities {appium:app: C:\Users\DELL\eclipse-works..., appium:appPackage: com.androidsample.generalstore, appium:automationName: UiAutomator2, appium:chromedriverExecutable: C:\Users\DELL\AppData\Local..., appium:databaseEnabled: false, appium:desired: {app: C:\Users\DELL\eclipse-works..., automationName: UiAutomator2, chromedriverExecutable: C:\Users\DELL\AppData\Local..., deviceName: Medium Phone Appium_Demo, platformName: ANDROID, platformVersion: 15.0}, appium:deviceApiLevel: 35, appium:deviceManufacturer: Google, appium:deviceModel: sdk_gphone64_x86_64, appium:deviceName: emulator-5554, appium:deviceScreenDensity: 420, appium:deviceScreenSize: 1080x2400, appium:deviceUDID: emulator-5554, appium:javascriptEnabled: true, appium:locationContextEnabled: false, appium:networkConnectionEnabled: true, appium:pixelRatio: 2.625, appium:platformVersion: 15, appium:statBarHeight: 63, appium:takesScreenshot: true, appium:viewportRect: {height: 2337, left: 0, top: 63, width: 1080}, appium:warnings: {}, appium:webStorageEnabled: false, platformName: ANDROID}
Element: [[AndroidDriver:  on ANDROID (e73deaa1-80e2-4753-a7e3-33d418779c41)] -&amp;gt; id: com.androidsample.generalstore:id/radioFemale]
Session ID: e73deaa1-80e2-4753-a7e3-33d418779c41">
      <![CDATA[org.openqa.selenium.StaleElementReferenceException: The element 'By.id: com.androidsample.generalstore:id/radioFemale' does not exist in DOM anymore
For documentation on this error, please visit: https://www.selenium.dev/documentation/webdriver/troubleshooting/errors#stale-element-reference-exception
Build info: version: '4.29.0', revision: '5fc1ec94cb'
System info: os.name: 'Windows 10', os.arch: 'amd64', os.version: '10.0', java.version: '21.0.5'
Driver info: io.appium.java_client.android.AndroidDriver
Command: [e73deaa1-80e2-4753-a7e3-33d418779c41, clickElement {id=00000000-0000-01e4-ffff-ffff00000020}]
Capabilities {appium:app: C:\Users\DELL\eclipse-works..., appium:appPackage: com.androidsample.generalstore, appium:automationName: UiAutomator2, appium:chromedriverExecutable: C:\Users\DELL\AppData\Local..., appium:databaseEnabled: false, appium:desired: {app: C:\Users\DELL\eclipse-works..., automationName: UiAutomator2, chromedriverExecutable: C:\Users\DELL\AppData\Local..., deviceName: Medium Phone Appium_Demo, platformName: ANDROID, platformVersion: 15.0}, appium:deviceApiLevel: 35, appium:deviceManufacturer: Google, appium:deviceModel: sdk_gphone64_x86_64, appium:deviceName: emulator-5554, appium:deviceScreenDensity: 420, appium:deviceScreenSize: 1080x2400, appium:deviceUDID: emulator-5554, appium:javascriptEnabled: true, appium:locationContextEnabled: false, appium:networkConnectionEnabled: true, appium:pixelRatio: 2.625, appium:platformVersion: 15, appium:statBarHeight: 63, appium:takesScreenshot: true, appium:viewportRect: {height: 2337, left: 0, top: 63, width: 1080}, appium:warnings: {}, appium:webStorageEnabled: false, platformName: ANDROID}
Element: [[AndroidDriver:  on ANDROID (e73deaa1-80e2-4753-a7e3-33d418779c41)] -> id: com.androidsample.generalstore:id/radioFemale]
Session ID: e73deaa1-80e2-4753-a7e3-33d418779c41
at java.base/jdk.internal.reflect.DirectConstructorHandleAccessor.newInstance(DirectConstructorHandleAccessor.java:62)
at java.base/java.lang.reflect.Constructor.newInstanceWithCaller(Constructor.java:502)
at java.base/java.lang.reflect.Constructor.newInstance(Constructor.java:486)
at org.openqa.selenium.remote.ErrorCodec.decode(ErrorCodec.java:167)
at org.openqa.selenium.remote.codec.w3c.W3CHttpResponseCodec.decode(W3CHttpResponseCodec.java:138)
at org.openqa.selenium.remote.codec.w3c.W3CHttpResponseCodec.decode(W3CHttpResponseCodec.java:50)
at org.openqa.selenium.remote.HttpCommandExecutor.execute(HttpCommandExecutor.java:190)
at io.appium.java_client.remote.AppiumCommandExecutor.execute(AppiumCommandExecutor.java:237)
at org.openqa.selenium.remote.RemoteWebDriver.execute(RemoteWebDriver.java:527)
at org.openqa.selenium.remote.RemoteWebElement.execute(RemoteWebElement.java:223)
at org.openqa.selenium.remote.RemoteWebElement.click(RemoteWebElement.java:76)
at java.base/jdk.internal.reflect.DirectMethodHandleAccessor.invoke(DirectMethodHandleAccessor.java:103)
at java.base/java.lang.reflect.Method.invoke(Method.java:580)
at org.openqa.selenium.support.pagefactory.internal.LocatingElementHandler.invoke(LocatingElementHandler.java:51)
at jdk.proxy2/jdk.proxy2.$Proxy14.click(Unknown Source)
at pages.Home_page.selectRdioBtn(Home_page.java:47)
at testcases.Ecommerce_tc_01.Login_Test_nigative(Ecommerce_tc_01.java:28)
at java.base/jdk.internal.reflect.DirectMethodHandleAccessor.invoke(DirectMethodHandleAccessor.java:103)
at java.base/java.lang.reflect.Method.invoke(Method.java:580)
at org.testng.internal.invokers.MethodInvocationHelper.invokeMethod(MethodInvocationHelper.java:141)
at org.testng.internal.invokers.TestInvoker.invokeMethod(TestInvoker.java:686)
at org.testng.internal.invokers.TestInvoker.invokeTestMethod(TestInvoker.java:230)
at org.testng.internal.invokers.MethodRunner.runInSequence(MethodRunner.java:63)
at org.testng.internal.invokers.TestInvoker$MethodInvocationAgent.invoke(TestInvoker.java:992)
at org.testng.internal.invokers.TestInvoker.invokeTestMethods(TestInvoker.java:203)
at org.testng.internal.invokers.TestMethodWorker.invokeTestMethods(TestMethodWorker.java:154)
at org.testng.internal.invokers.TestMethodWorker.run(TestMethodWorker.java:134)
at java.base/java.util.ArrayList.forEach(ArrayList.java:1596)
at org.testng.TestRunner.privateRun(TestRunner.java:739)
at org.testng.TestRunner.run(TestRunner.java:614)
at org.testng.SuiteRunner.runTest(SuiteRunner.java:421)
at org.testng.SuiteRunner.runSequentially(SuiteRunner.java:413)
at org.testng.SuiteRunner.privateRun(SuiteRunner.java:373)
at org.testng.SuiteRunner.run(SuiteRunner.java:312)
at org.testng.SuiteRunnerWorker.runSuite(SuiteRunnerWorker.java:52)
at org.testng.SuiteRunnerWorker.run(SuiteRunnerWorker.java:95)
at org.testng.TestNG.runSuitesSequentially(TestNG.java:1274)
at org.testng.TestNG.runSuitesLocally(TestNG.java:1208)
at org.testng.TestNG.runSuites(TestNG.java:1112)
at org.testng.TestNG.run(TestNG.java:1079)
at org.testng.remote.AbstractRemoteTestNG.run(AbstractRemoteTestNG.java:115)
at org.testng.remote.RemoteTestNG.initAndRun(RemoteTestNG.java:293)
at org.testng.remote.RemoteTestNG.main(RemoteTestNG.java:91)
]]>
    </failure>
  </testcase> <!-- Login_Test_nigative -->
  <testcase classname="testcases.Ecommerce_tc_01" name="Login_Test" time="0.0">
    <skipped/>
  </testcase> <!-- Login_Test -->
</testsuite> <!-- Default test -->
